<?xml version="1.0" encoding="UTF-8"?>
<testng-results ignored="0" total="1" passed="1" failed="0" skipped="0">
  <reporter-output>
  </reporter-output>
  <suite started-at="2020-08-13T12:09:17Z" name="Default suite" finished-at="2020-08-13T12:09:39Z" duration-ms="22400">
    <groups>
    </groups>
    <test started-at="2020-08-13T12:09:17Z" name="Default test" finished-at="2020-08-13T12:09:39Z" duration-ms="22400">
      <class name="windows_demo.Base_URL">
        <test-method signature="initilization()[pri:0, instance:windows_demo.Base_URL@10db82ae]" started-at="2020-08-13T12:09:17Z" name="initilization" finished-at="2020-08-13T12:09:39Z" duration-ms="22380" status="PASS">
          <reporter-output>
          </reporter-output>
        </test-method> <!-- initilization -->
      </class> <!-- windows_demo.Base_URL -->
    </test> <!-- Default test -->
  </suite> <!-- Default suite -->
</testng-results>
